\BOOKMARK [0][-]{chapter.1}{\376\377\0001\000\040\000R\000E\000A\000D\000M\000E}{}% 1
\BOOKMARK [1][-]{subsection.1.0.1}{\376\377\0001\000.\0000\000.\0001\000\040\000T\000a\000b\000l\000e\000\040\000o\000f\000\040\000C\000o\000n\000t\000e\000n\000t\000s}{chapter.1}% 2
\BOOKMARK [2][-]{subsection.1.0.2}{\376\377\0001\000.\0000\000.\0002\000\040\000A\000b\000o\000u\000t\000\040\000T\000h\000e\000\040\000P\000r\000o\000j\000e\000c\000t}{subsection.1.0.1}% 3
\BOOKMARK [3][-]{subsubsection.1.0.2.1}{\376\377\0001\000.\0000\000.\0002\000.\0001\000\040\000H\000o\000w\000\040\000i\000t\000\040\000w\000o\000r\000k\000s\000.\000.}{subsection.1.0.2}% 4
\BOOKMARK [2][-]{subsection.1.0.3}{\376\377\0001\000.\0000\000.\0003\000\040\000B\000u\000i\000l\000t\000\040\000W\000i\000t\000h}{subsection.1.0.1}% 5
\BOOKMARK [2][-]{subsection.1.0.4}{\376\377\0001\000.\0000\000.\0004\000\040\000U\000s\000a\000g\000e}{subsection.1.0.1}% 6
\BOOKMARK [2][-]{subsection.1.0.5}{\376\377\0001\000.\0000\000.\0005\000\040\000L\000i\000c\000e\000n\000s\000e}{subsection.1.0.1}% 7
\BOOKMARK [2][-]{subsection.1.0.6}{\376\377\0001\000.\0000\000.\0006\000\040\000C\000o\000n\000t\000a\000c\000t}{subsection.1.0.1}% 8
\BOOKMARK [0][-]{chapter.2}{\376\377\0002\000\040\000D\000a\000t\000a\000\040\000S\000t\000r\000u\000c\000t\000u\000r\000e\000\040\000I\000n\000d\000e\000x}{}% 9
\BOOKMARK [1][-]{section.2.1}{\376\377\0002\000.\0001\000\040\000D\000a\000t\000a\000\040\000S\000t\000r\000u\000c\000t\000u\000r\000e\000s}{chapter.2}% 10
\BOOKMARK [0][-]{chapter.3}{\376\377\0003\000\040\000F\000i\000l\000e\000\040\000I\000n\000d\000e\000x}{}% 11
\BOOKMARK [1][-]{section.3.1}{\376\377\0003\000.\0001\000\040\000F\000i\000l\000e\000\040\000L\000i\000s\000t}{chapter.3}% 12
\BOOKMARK [0][-]{chapter.4}{\376\377\0004\000\040\000D\000a\000t\000a\000\040\000S\000t\000r\000u\000c\000t\000u\000r\000e\000\040\000D\000o\000c\000u\000m\000e\000n\000t\000a\000t\000i\000o\000n}{}% 13
\BOOKMARK [1][-]{section.4.1}{\376\377\0004\000.\0001\000\040\000e\000u\000s\000a\000r\000t\000\137\000s\000t\000a\000t\000u\000s\000\137\000t\000\040\000U\000n\000i\000o\000n\000\040\000R\000e\000f\000e\000r\000e\000n\000c\000e}{chapter.4}% 14
\BOOKMARK [2][-]{subsection.4.1.1}{\376\377\0004\000.\0001\000.\0001\000\040\000D\000e\000t\000a\000i\000l\000e\000d\000\040\000D\000e\000s\000c\000r\000i\000p\000t\000i\000o\000n}{section.4.1}% 15
\BOOKMARK [2][-]{subsection.4.1.2}{\376\377\0004\000.\0001\000.\0002\000\040\000F\000i\000e\000l\000d\000\040\000D\000o\000c\000u\000m\000e\000n\000t\000a\000t\000i\000o\000n}{section.4.1}% 16
\BOOKMARK [3][-]{subsubsection.4.1.2.1}{\376\377\0004\000.\0001\000.\0002\000.\0001\000\040\000@\0001}{subsection.4.1.2}% 17
\BOOKMARK [3][-]{subsubsection.4.1.2.2}{\376\377\0004\000.\0001\000.\0002\000.\0002\000\040\000f\000e\000r\000r}{subsection.4.1.2}% 18
\BOOKMARK [3][-]{subsubsection.4.1.2.3}{\376\377\0004\000.\0001\000.\0002\000.\0003\000\040\000o\000e\000r\000r}{subsection.4.1.2}% 19
\BOOKMARK [3][-]{subsubsection.4.1.2.4}{\376\377\0004\000.\0001\000.\0002\000.\0004\000\040\000p\000e\000r\000r}{subsection.4.1.2}% 20
\BOOKMARK [3][-]{subsubsection.4.1.2.5}{\376\377\0004\000.\0001\000.\0002\000.\0005\000\040\000r\000e\000s\000e\000r\000v\000e\000d}{subsection.4.1.2}% 21
\BOOKMARK [3][-]{subsubsection.4.1.2.6}{\376\377\0004\000.\0001\000.\0002\000.\0006\000\040\000s\000t\000a\000t\000u\000s}{subsection.4.1.2}% 22
\BOOKMARK [0][-]{chapter.5}{\376\377\0005\000\040\000F\000i\000l\000e\000\040\000D\000o\000c\000u\000m\000e\000n\000t\000a\000t\000i\000o\000n}{}% 23
\BOOKMARK [1][-]{section.5.1}{\376\377\0005\000.\0001\000\040\000h\000e\000a\000d\000e\000r\000s\000/\000e\000u\000s\000a\000r\000t\000.\000h\000\040\000F\000i\000l\000e\000\040\000R\000e\000f\000e\000r\000e\000n\000c\000e}{chapter.5}% 24
\BOOKMARK [2][-]{subsection.5.1.1}{\376\377\0005\000.\0001\000.\0001\000\040\000M\000a\000c\000r\000o\000\040\000D\000e\000f\000i\000n\000i\000t\000i\000o\000n\000\040\000D\000o\000c\000u\000m\000e\000n\000t\000a\000t\000i\000o\000n}{section.5.1}% 25
\BOOKMARK [3][-]{subsubsection.5.1.1.1}{\376\377\0005\000.\0001\000.\0001\000.\0001\000\040\000E\000U\000S\000A\000R\000T\000\137\000D\000a\000t\000a\000R\000e\000a\000d\000y}{subsection.5.1.1}% 26
\BOOKMARK [2][-]{subsection.5.1.2}{\376\377\0005\000.\0001\000.\0002\000\040\000F\000u\000n\000c\000t\000i\000o\000n\000\040\000D\000o\000c\000u\000m\000e\000n\000t\000a\000t\000i\000o\000n}{section.5.1}% 27
\BOOKMARK [3][-]{subsubsection.5.1.2.1}{\376\377\0005\000.\0001\000.\0002\000.\0001\000\040\000E\000U\000S\000A\000R\000T\000\137\000g\000e\000t\000\137\000l\000a\000s\000t\000\137\000s\000t\000a\000t\000u\000s\000\050\000\051}{subsection.5.1.2}% 28
\BOOKMARK [3][-]{subsubsection.5.1.2.2}{\376\377\0005\000.\0001\000.\0002\000.\0002\000\040\000E\000U\000S\000A\000R\000T\000\137\000I\000n\000i\000t\000i\000a\000l\000i\000z\000e\000\050\000\051}{subsection.5.1.2}% 29
\BOOKMARK [3][-]{subsubsection.5.1.2.3}{\376\377\0005\000.\0001\000.\0002\000.\0003\000\040\000E\000U\000S\000A\000R\000T\000\137\000i\000s\000\137\000r\000x\000\137\000r\000e\000a\000d\000y\000\050\000\051}{subsection.5.1.2}% 30
\BOOKMARK [3][-]{subsubsection.5.1.2.4}{\376\377\0005\000.\0001\000.\0002\000.\0004\000\040\000E\000U\000S\000A\000R\000T\000\137\000i\000s\000\137\000t\000x\000\137\000d\000o\000n\000e\000\050\000\051}{subsection.5.1.2}% 31
\BOOKMARK [3][-]{subsubsection.5.1.2.5}{\376\377\0005\000.\0001\000.\0002\000.\0005\000\040\000E\000U\000S\000A\000R\000T\000\137\000i\000s\000\137\000t\000x\000\137\000r\000e\000a\000d\000y\000\050\000\051}{subsection.5.1.2}% 32
\BOOKMARK [3][-]{subsubsection.5.1.2.6}{\376\377\0005\000.\0001\000.\0002\000.\0006\000\040\000E\000U\000S\000A\000R\000T\000\137\000R\000e\000a\000d\000\050\000\051}{subsection.5.1.2}% 33
\BOOKMARK [3][-]{subsubsection.5.1.2.7}{\376\377\0005\000.\0001\000.\0002\000.\0007\000\040\000E\000U\000S\000A\000R\000T\000\137\000R\000e\000c\000e\000i\000v\000e\000\137\000I\000S\000R\000\050\000\051}{subsection.5.1.2}% 34
\BOOKMARK [3][-]{subsubsection.5.1.2.8}{\376\377\0005\000.\0001\000.\0002\000.\0008\000\040\000E\000U\000S\000A\000R\000T\000\137\000R\000x\000D\000a\000t\000a\000H\000a\000n\000d\000l\000e\000r\000\050\000\051}{subsection.5.1.2}% 35
\BOOKMARK [3][-]{subsubsection.5.1.2.9}{\376\377\0005\000.\0001\000.\0002\000.\0009\000\040\000E\000U\000S\000A\000R\000T\000\137\000S\000e\000t\000E\000r\000r\000o\000r\000H\000a\000n\000d\000l\000e\000r\000\050\000\051}{subsection.5.1.2}% 36
\BOOKMARK [3][-]{subsubsection.5.1.2.10}{\376\377\0005\000.\0001\000.\0002\000.\0001\0000\000\040\000E\000U\000S\000A\000R\000T\000\137\000S\000e\000t\000F\000r\000a\000m\000i\000n\000g\000E\000r\000r\000o\000r\000H\000a\000n\000d\000l\000e\000r\000\050\000\051}{subsection.5.1.2}% 37
\BOOKMARK [3][-]{subsubsection.5.1.2.11}{\376\377\0005\000.\0001\000.\0002\000.\0001\0001\000\040\000E\000U\000S\000A\000R\000T\000\137\000S\000e\000t\000O\000v\000e\000r\000r\000u\000n\000E\000r\000r\000o\000r\000H\000a\000n\000d\000l\000e\000r\000\050\000\051}{subsection.5.1.2}% 38
\BOOKMARK [3][-]{subsubsection.5.1.2.12}{\376\377\0005\000.\0001\000.\0002\000.\0001\0002\000\040\000E\000U\000S\000A\000R\000T\000\137\000S\000e\000t\000R\000x\000I\000n\000t\000e\000r\000r\000u\000p\000t\000H\000a\000n\000d\000l\000e\000r\000\050\000\051}{subsection.5.1.2}% 39
\BOOKMARK [3][-]{subsubsection.5.1.2.13}{\376\377\0005\000.\0001\000.\0002\000.\0001\0003\000\040\000E\000U\000S\000A\000R\000T\000\137\000S\000e\000t\000T\000x\000I\000n\000t\000e\000r\000r\000u\000p\000t\000H\000a\000n\000d\000l\000e\000r\000\050\000\051}{subsection.5.1.2}% 40
\BOOKMARK [3][-]{subsubsection.5.1.2.14}{\376\377\0005\000.\0001\000.\0002\000.\0001\0004\000\040\000E\000U\000S\000A\000R\000T\000\137\000T\000r\000a\000n\000s\000m\000i\000t\000\137\000I\000S\000R\000\050\000\051}{subsection.5.1.2}% 41
\BOOKMARK [3][-]{subsubsection.5.1.2.15}{\376\377\0005\000.\0001\000.\0002\000.\0001\0005\000\040\000E\000U\000S\000A\000R\000T\000\137\000W\000r\000i\000t\000e\000\050\000\051}{subsection.5.1.2}% 42
\BOOKMARK [3][-]{subsubsection.5.1.2.16}{\376\377\0005\000.\0001\000.\0002\000.\0001\0006\000\040\000E\000U\000S\000A\000R\000T\000\137\000W\000r\000i\000t\000e\000S\000t\000r\000i\000n\000g\000\050\000\051}{subsection.5.1.2}% 43
\BOOKMARK [2][-]{subsection.5.1.3}{\376\377\0005\000.\0001\000.\0003\000\040\000V\000a\000r\000i\000a\000b\000l\000e\000\040\000D\000o\000c\000u\000m\000e\000n\000t\000a\000t\000i\000o\000n}{section.5.1}% 44
\BOOKMARK [3][-]{subsubsection.5.1.3.1}{\376\377\0005\000.\0001\000.\0003\000.\0001\000\040\000E\000U\000S\000A\000R\000T\000\137\000R\000x\000D\000e\000f\000a\000u\000l\000t\000I\000n\000t\000e\000r\000r\000u\000p\000t\000H\000a\000n\000d\000l\000e\000r}{subsection.5.1.3}% 45
\BOOKMARK [3][-]{subsubsection.5.1.3.2}{\376\377\0005\000.\0001\000.\0003\000.\0002\000\040\000E\000U\000S\000A\000R\000T\000\137\000T\000x\000D\000e\000f\000a\000u\000l\000t\000I\000n\000t\000e\000r\000r\000u\000p\000t\000H\000a\000n\000d\000l\000e\000r}{subsection.5.1.3}% 46
\BOOKMARK [3][-]{subsubsection.5.1.3.3}{\376\377\0005\000.\0001\000.\0003\000.\0003\000\040\000e\000u\000s\000a\000r\000t\000R\000x\000C\000o\000u\000n\000t}{subsection.5.1.3}% 47
\BOOKMARK [3][-]{subsubsection.5.1.3.4}{\376\377\0005\000.\0001\000.\0003\000.\0004\000\040\000e\000u\000s\000a\000r\000t\000T\000x\000B\000u\000f\000f\000e\000r\000R\000e\000m\000a\000i\000n\000i\000n\000g}{subsection.5.1.3}% 48
\BOOKMARK [1][-]{section.5.2}{\376\377\0005\000.\0002\000\040\000h\000e\000a\000d\000e\000r\000s\000/\000h\000a\000r\000d\000w\000a\000r\000e\000.\000h\000\040\000F\000i\000l\000e\000\040\000R\000e\000f\000e\000r\000e\000n\000c\000e}{chapter.5}% 49
\BOOKMARK [2][-]{subsection.5.2.1}{\376\377\0005\000.\0002\000.\0001\000\040\000M\000a\000c\000r\000o\000\040\000D\000e\000f\000i\000n\000i\000t\000i\000o\000n\000\040\000D\000o\000c\000u\000m\000e\000n\000t\000a\000t\000i\000o\000n}{section.5.2}% 50
\BOOKMARK [3][-]{subsubsection.5.2.1.1}{\376\377\0005\000.\0002\000.\0001\000.\0001\000\040\000\137\000X\000T\000A\000L\000\137\000F\000R\000E\000Q}{subsection.5.2.1}% 51
\BOOKMARK [3][-]{subsubsection.5.2.1.2}{\376\377\0005\000.\0002\000.\0001\000.\0002\000\040\000D\000I\000P\0001\000\137\000P\000I\000N}{subsection.5.2.1}% 52
\BOOKMARK [3][-]{subsubsection.5.2.1.3}{\376\377\0005\000.\0002\000.\0001\000.\0003\000\040\000D\000I\000P\0003\000\137\000P\000I\000N}{subsection.5.2.1}% 53
\BOOKMARK [3][-]{subsubsection.5.2.1.4}{\376\377\0005\000.\0002\000.\0001\000.\0004\000\040\000F\000C\000Y}{subsection.5.2.1}% 54
\BOOKMARK [3][-]{subsubsection.5.2.1.5}{\376\377\0005\000.\0002\000.\0001\000.\0005\000\040\000P\000I\000R\000\137\000P\000I\000N}{subsection.5.2.1}% 55
\BOOKMARK [3][-]{subsubsection.5.2.1.6}{\376\377\0005\000.\0002\000.\0001\000.\0006\000\040\000S\000H\000U\000T\000T\000E\000R\000\137\000P\000I\000N}{subsection.5.2.1}% 56
\BOOKMARK [2][-]{subsection.5.2.2}{\376\377\0005\000.\0002\000.\0002\000\040\000F\000u\000n\000c\000t\000i\000o\000n\000\040\000D\000o\000c\000u\000m\000e\000n\000t\000a\000t\000i\000o\000n}{section.5.2}% 57
\BOOKMARK [3][-]{subsubsection.5.2.2.1}{\376\377\0005\000.\0002\000.\0002\000.\0001\000\040\000H\000a\000r\000d\000w\000a\000r\000e\000\137\000C\000o\000n\000f\000i\000g\000u\000r\000e\000O\000s\000c\000i\000l\000l\000a\000t\000o\000r\000\050\000\051}{subsection.5.2.2}% 58
\BOOKMARK [3][-]{subsubsection.5.2.2.2}{\376\377\0005\000.\0002\000.\0002\000.\0002\000\040\000H\000a\000r\000d\000w\000a\000r\000e\000\137\000i\000n\000i\000t\000I\000O\000\050\000\051}{subsection.5.2.2}% 59
\BOOKMARK [3][-]{subsubsection.5.2.2.3}{\376\377\0005\000.\0002\000.\0002\000.\0003\000\040\000H\000a\000r\000d\000w\000a\000r\000e\000\137\000i\000n\000i\000t\000U\000A\000R\000T\000\050\000\051}{subsection.5.2.2}% 60
\BOOKMARK [3][-]{subsubsection.5.2.2.4}{\376\377\0005\000.\0002\000.\0002\000.\0004\000\040\000H\000a\000r\000d\000w\000a\000r\000e\000\137\000U\000A\000R\000T\000s\000e\000n\000d\000B\000y\000t\000e\000\050\000\051}{subsection.5.2.2}% 61
\BOOKMARK [3][-]{subsubsection.5.2.2.5}{\376\377\0005\000.\0002\000.\0002\000.\0005\000\040\000H\000a\000r\000d\000w\000a\000r\000e\000\137\000U\000A\000R\000T\000s\000e\000n\000d\000S\000t\000r\000i\000n\000g\000\050\000\051}{subsection.5.2.2}% 62
\BOOKMARK [1][-]{section.5.3}{\376\377\0005\000.\0003\000\040\000h\000e\000a\000d\000e\000r\000s\000/\000p\000y\000g\000m\000y\000.\000h\000\040\000F\000i\000l\000e\000\040\000R\000e\000f\000e\000r\000e\000n\000c\000e}{chapter.5}% 63
\BOOKMARK [2][-]{subsection.5.3.1}{\376\377\0005\000.\0003\000.\0001\000\040\000F\000u\000n\000c\000t\000i\000o\000n\000\040\000D\000o\000c\000u\000m\000e\000n\000t\000a\000t\000i\000o\000n}{section.5.3}% 64
\BOOKMARK [3][-]{subsubsection.5.3.1.1}{\376\377\0005\000.\0003\000.\0001\000.\0001\000\040\000P\000y\000g\000m\000y\000\137\000c\000a\000m\000P\000a\000r\000a\000m\000s\000T\000o\000S\000t\000r\000i\000n\000g\000\050\000\051}{subsection.5.3.1}% 65
\BOOKMARK [3][-]{subsubsection.5.3.1.2}{\376\377\0005\000.\0003\000.\0001\000.\0002\000\040\000P\000y\000g\000m\000y\000\137\000d\000e\000l\000a\000y\000\137\000m\000s\000\050\000\051}{subsection.5.3.1}% 66
\BOOKMARK [3][-]{subsubsection.5.3.1.3}{\376\377\0005\000.\0003\000.\0001\000.\0003\000\040\000P\000y\000g\000m\000y\000\137\000h\000a\000n\000d\000l\000e\000M\000s\000g\000\050\000\051}{subsection.5.3.1}% 67
\BOOKMARK [3][-]{subsubsection.5.3.1.4}{\376\377\0005\000.\0003\000.\0001\000.\0004\000\040\000P\000y\000g\000m\000y\000\137\000i\000n\000i\000t\000\050\000\051}{subsection.5.3.1}% 68
\BOOKMARK [3][-]{subsubsection.5.3.1.5}{\376\377\0005\000.\0003\000.\0001\000.\0005\000\040\000P\000y\000g\000m\000y\000\137\000r\000e\000a\000d\000D\000i\000p\000S\000w\000i\000t\000c\000h\000e\000s\000\050\000\051}{subsection.5.3.1}% 69
\BOOKMARK [3][-]{subsubsection.5.3.1.6}{\376\377\0005\000.\0003\000.\0001\000.\0006\000\040\000P\000y\000g\000m\000y\000\137\000T\000r\000i\000g\000g\000e\000r\000e\000d\000P\000I\000R\000\050\000\051}{subsection.5.3.1}% 70
\BOOKMARK [3][-]{subsubsection.5.3.1.7}{\376\377\0005\000.\0003\000.\0001\000.\0007\000\040\000P\000y\000g\000m\000y\000\137\000v\000a\000l\000i\000d\000C\000m\000d\000\050\000\051}{subsection.5.3.1}% 71
\BOOKMARK [1][-]{section.5.4}{\376\377\0005\000.\0004\000\040\000h\000e\000a\000d\000e\000r\000s\000/\000s\000y\000s\000t\000e\000m\000.\000h\000\040\000F\000i\000l\000e\000\040\000R\000e\000f\000e\000r\000e\000n\000c\000e}{chapter.5}% 72
\BOOKMARK [2][-]{subsection.5.4.1}{\376\377\0005\000.\0004\000.\0001\000\040\000F\000u\000n\000c\000t\000i\000o\000n\000\040\000D\000o\000c\000u\000m\000e\000n\000t\000a\000t\000i\000o\000n}{section.5.4}% 73
\BOOKMARK [3][-]{subsubsection.5.4.1.1}{\376\377\0005\000.\0004\000.\0001\000.\0001\000\040\000C\000o\000n\000f\000i\000g\000u\000r\000e\000O\000s\000c\000i\000l\000l\000a\000t\000o\000r\000\050\000\051}{subsection.5.4.1}% 74
\BOOKMARK [1][-]{section.5.5}{\376\377\0005\000.\0005\000\040\000R\000E\000A\000D\000M\000E\000.\000m\000d\000\040\000F\000i\000l\000e\000\040\000R\000e\000f\000e\000r\000e\000n\000c\000e}{chapter.5}% 75
\BOOKMARK [1][-]{section.5.6}{\376\377\0005\000.\0006\000\040\000s\000r\000c\000/\000c\000o\000n\000f\000i\000g\000b\000i\000t\000s\000.\000h\000\040\000F\000i\000l\000e\000\040\000R\000e\000f\000e\000r\000e\000n\000c\000e}{chapter.5}% 76
\BOOKMARK [1][-]{section.5.7}{\376\377\0005\000.\0007\000\040\000s\000r\000c\000/\000e\000u\000s\000a\000r\000t\000.\000c\000\040\000F\000i\000l\000e\000\040\000R\000e\000f\000e\000r\000e\000n\000c\000e}{chapter.5}% 77
\BOOKMARK [2][-]{subsection.5.7.1}{\376\377\0005\000.\0007\000.\0001\000\040\000D\000e\000t\000a\000i\000l\000e\000d\000\040\000D\000e\000s\000c\000r\000i\000p\000t\000i\000o\000n}{section.5.7}% 78
\BOOKMARK [2][-]{subsection.5.7.2}{\376\377\0005\000.\0007\000.\0002\000\040\000M\000a\000c\000r\000o\000\040\000D\000e\000f\000i\000n\000i\000t\000i\000o\000n\000\040\000D\000o\000c\000u\000m\000e\000n\000t\000a\000t\000i\000o\000n}{section.5.7}% 79
\BOOKMARK [3][-]{subsubsection.5.7.2.1}{\376\377\0005\000.\0007\000.\0002\000.\0001\000\040\000E\000U\000S\000A\000R\000T\000\137\000R\000X\000\137\000B\000U\000F\000F\000E\000R\000\137\000S\000I\000Z\000E}{subsection.5.7.2}% 80
\BOOKMARK [3][-]{subsubsection.5.7.2.2}{\376\377\0005\000.\0007\000.\0002\000.\0002\000\040\000E\000U\000S\000A\000R\000T\000\137\000T\000X\000\137\000B\000U\000F\000F\000E\000R\000\137\000S\000I\000Z\000E}{subsection.5.7.2}% 81
\BOOKMARK [2][-]{subsection.5.7.3}{\376\377\0005\000.\0007\000.\0003\000\040\000F\000u\000n\000c\000t\000i\000o\000n\000\040\000D\000o\000c\000u\000m\000e\000n\000t\000a\000t\000i\000o\000n}{section.5.7}% 82
\BOOKMARK [3][-]{subsubsection.5.7.3.1}{\376\377\0005\000.\0007\000.\0003\000.\0001\000\040\000E\000U\000S\000A\000R\000T\000\137\000D\000e\000f\000a\000u\000l\000t\000E\000r\000r\000o\000r\000H\000a\000n\000d\000l\000e\000r\000\050\000\051}{subsection.5.7.3}% 83
\BOOKMARK [3][-]{subsubsection.5.7.3.2}{\376\377\0005\000.\0007\000.\0003\000.\0002\000\040\000E\000U\000S\000A\000R\000T\000\137\000D\000e\000f\000a\000u\000l\000t\000F\000r\000a\000m\000i\000n\000g\000E\000r\000r\000o\000r\000H\000a\000n\000d\000l\000e\000r\000\050\000\051}{subsection.5.7.3}% 84
\BOOKMARK [3][-]{subsubsection.5.7.3.3}{\376\377\0005\000.\0007\000.\0003\000.\0003\000\040\000E\000U\000S\000A\000R\000T\000\137\000D\000e\000f\000a\000u\000l\000t\000O\000v\000e\000r\000r\000u\000n\000E\000r\000r\000o\000r\000H\000a\000n\000d\000l\000e\000r\000\050\000\051}{subsection.5.7.3}% 85
\BOOKMARK [3][-]{subsubsection.5.7.3.4}{\376\377\0005\000.\0007\000.\0003\000.\0004\000\040\000E\000U\000S\000A\000R\000T\000\137\000g\000e\000t\000\137\000l\000a\000s\000t\000\137\000s\000t\000a\000t\000u\000s\000\050\000\051}{subsection.5.7.3}% 86
\BOOKMARK [3][-]{subsubsection.5.7.3.5}{\376\377\0005\000.\0007\000.\0003\000.\0005\000\040\000E\000U\000S\000A\000R\000T\000\137\000I\000n\000i\000t\000i\000a\000l\000i\000z\000e\000\050\000\051}{subsection.5.7.3}% 87
\BOOKMARK [3][-]{subsubsection.5.7.3.6}{\376\377\0005\000.\0007\000.\0003\000.\0006\000\040\000E\000U\000S\000A\000R\000T\000\137\000i\000s\000\137\000r\000x\000\137\000r\000e\000a\000d\000y\000\050\000\051}{subsection.5.7.3}% 88
\BOOKMARK [3][-]{subsubsection.5.7.3.7}{\376\377\0005\000.\0007\000.\0003\000.\0007\000\040\000E\000U\000S\000A\000R\000T\000\137\000i\000s\000\137\000t\000x\000\137\000d\000o\000n\000e\000\050\000\051}{subsection.5.7.3}% 89
\BOOKMARK [3][-]{subsubsection.5.7.3.8}{\376\377\0005\000.\0007\000.\0003\000.\0008\000\040\000E\000U\000S\000A\000R\000T\000\137\000i\000s\000\137\000t\000x\000\137\000r\000e\000a\000d\000y\000\050\000\051}{subsection.5.7.3}% 90
\BOOKMARK [3][-]{subsubsection.5.7.3.9}{\376\377\0005\000.\0007\000.\0003\000.\0009\000\040\000E\000U\000S\000A\000R\000T\000\137\000R\000e\000a\000d\000\050\000\051}{subsection.5.7.3}% 91
\BOOKMARK [3][-]{subsubsection.5.7.3.10}{\376\377\0005\000.\0007\000.\0003\000.\0001\0000\000\040\000E\000U\000S\000A\000R\000T\000\137\000R\000e\000c\000e\000i\000v\000e\000\137\000I\000S\000R\000\050\000\051}{subsection.5.7.3}% 92
\BOOKMARK [3][-]{subsubsection.5.7.3.11}{\376\377\0005\000.\0007\000.\0003\000.\0001\0001\000\040\000E\000U\000S\000A\000R\000T\000\137\000R\000x\000D\000a\000t\000a\000H\000a\000n\000d\000l\000e\000r\000\050\000\051}{subsection.5.7.3}% 93
\BOOKMARK [3][-]{subsubsection.5.7.3.12}{\376\377\0005\000.\0007\000.\0003\000.\0001\0002\000\040\000E\000U\000S\000A\000R\000T\000\137\000S\000e\000t\000E\000r\000r\000o\000r\000H\000a\000n\000d\000l\000e\000r\000\050\000\051}{subsection.5.7.3}% 94
\BOOKMARK [3][-]{subsubsection.5.7.3.13}{\376\377\0005\000.\0007\000.\0003\000.\0001\0003\000\040\000E\000U\000S\000A\000R\000T\000\137\000S\000e\000t\000F\000r\000a\000m\000i\000n\000g\000E\000r\000r\000o\000r\000H\000a\000n\000d\000l\000e\000r\000\050\000\051}{subsection.5.7.3}% 95
\BOOKMARK [3][-]{subsubsection.5.7.3.14}{\376\377\0005\000.\0007\000.\0003\000.\0001\0004\000\040\000E\000U\000S\000A\000R\000T\000\137\000S\000e\000t\000O\000v\000e\000r\000r\000u\000n\000E\000r\000r\000o\000r\000H\000a\000n\000d\000l\000e\000r\000\050\000\051}{subsection.5.7.3}% 96
\BOOKMARK [3][-]{subsubsection.5.7.3.15}{\376\377\0005\000.\0007\000.\0003\000.\0001\0005\000\040\000E\000U\000S\000A\000R\000T\000\137\000S\000e\000t\000R\000x\000I\000n\000t\000e\000r\000r\000u\000p\000t\000H\000a\000n\000d\000l\000e\000r\000\050\000\051}{subsection.5.7.3}% 97
\BOOKMARK [3][-]{subsubsection.5.7.3.16}{\376\377\0005\000.\0007\000.\0003\000.\0001\0006\000\040\000E\000U\000S\000A\000R\000T\000\137\000S\000e\000t\000T\000x\000I\000n\000t\000e\000r\000r\000u\000p\000t\000H\000a\000n\000d\000l\000e\000r\000\050\000\051}{subsection.5.7.3}% 98
\BOOKMARK [3][-]{subsubsection.5.7.3.17}{\376\377\0005\000.\0007\000.\0003\000.\0001\0007\000\040\000E\000U\000S\000A\000R\000T\000\137\000T\000r\000a\000n\000s\000m\000i\000t\000\137\000I\000S\000R\000\050\000\051}{subsection.5.7.3}% 99
\BOOKMARK [3][-]{subsubsection.5.7.3.18}{\376\377\0005\000.\0007\000.\0003\000.\0001\0008\000\040\000E\000U\000S\000A\000R\000T\000\137\000W\000r\000i\000t\000e\000\050\000\051}{subsection.5.7.3}% 100
\BOOKMARK [3][-]{subsubsection.5.7.3.19}{\376\377\0005\000.\0007\000.\0003\000.\0001\0009\000\040\000E\000U\000S\000A\000R\000T\000\137\000W\000r\000i\000t\000e\000S\000t\000r\000i\000n\000g\000\050\000\051}{subsection.5.7.3}% 101
\BOOKMARK [2][-]{subsection.5.7.4}{\376\377\0005\000.\0007\000.\0004\000\040\000V\000a\000r\000i\000a\000b\000l\000e\000\040\000D\000o\000c\000u\000m\000e\000n\000t\000a\000t\000i\000o\000n}{section.5.7}% 102
\BOOKMARK [3][-]{subsubsection.5.7.4.1}{\376\377\0005\000.\0007\000.\0004\000.\0001\000\040\000E\000U\000S\000A\000R\000T\000\137\000E\000r\000r\000o\000r\000H\000a\000n\000d\000l\000e\000r}{subsection.5.7.4}% 103
\BOOKMARK [3][-]{subsubsection.5.7.4.2}{\376\377\0005\000.\0007\000.\0004\000.\0002\000\040\000E\000U\000S\000A\000R\000T\000\137\000F\000r\000a\000m\000i\000n\000g\000E\000r\000r\000o\000r\000H\000a\000n\000d\000l\000e\000r}{subsection.5.7.4}% 104
\BOOKMARK [3][-]{subsubsection.5.7.4.3}{\376\377\0005\000.\0007\000.\0004\000.\0003\000\040\000E\000U\000S\000A\000R\000T\000\137\000O\000v\000e\000r\000r\000u\000n\000E\000r\000r\000o\000r\000H\000a\000n\000d\000l\000e\000r}{subsection.5.7.4}% 105
\BOOKMARK [3][-]{subsubsection.5.7.4.4}{\376\377\0005\000.\0007\000.\0004\000.\0004\000\040\000E\000U\000S\000A\000R\000T\000\137\000R\000x\000D\000e\000f\000a\000u\000l\000t\000I\000n\000t\000e\000r\000r\000u\000p\000t\000H\000a\000n\000d\000l\000e\000r}{subsection.5.7.4}% 106
\BOOKMARK [3][-]{subsubsection.5.7.4.5}{\376\377\0005\000.\0007\000.\0004\000.\0005\000\040\000E\000U\000S\000A\000R\000T\000\137\000T\000x\000D\000e\000f\000a\000u\000l\000t\000I\000n\000t\000e\000r\000r\000u\000p\000t\000H\000a\000n\000d\000l\000e\000r}{subsection.5.7.4}% 107
\BOOKMARK [3][-]{subsubsection.5.7.4.6}{\376\377\0005\000.\0007\000.\0004\000.\0006\000\040\000e\000u\000s\000a\000r\000t\000R\000x\000B\000u\000f\000f\000e\000r}{subsection.5.7.4}% 108
\BOOKMARK [3][-]{subsubsection.5.7.4.7}{\376\377\0005\000.\0007\000.\0004\000.\0007\000\040\000e\000u\000s\000a\000r\000t\000R\000x\000C\000o\000u\000n\000t}{subsection.5.7.4}% 109
\BOOKMARK [3][-]{subsubsection.5.7.4.8}{\376\377\0005\000.\0007\000.\0004\000.\0008\000\040\000e\000u\000s\000a\000r\000t\000R\000x\000H\000e\000a\000d}{subsection.5.7.4}% 110
\BOOKMARK [3][-]{subsubsection.5.7.4.9}{\376\377\0005\000.\0007\000.\0004\000.\0009\000\040\000e\000u\000s\000a\000r\000t\000R\000x\000L\000a\000s\000t\000E\000r\000r\000o\000r}{subsection.5.7.4}% 111
\BOOKMARK [3][-]{subsubsection.5.7.4.10}{\376\377\0005\000.\0007\000.\0004\000.\0001\0000\000\040\000e\000u\000s\000a\000r\000t\000R\000x\000S\000t\000a\000t\000u\000s\000B\000u\000f\000f\000e\000r}{subsection.5.7.4}% 112
\BOOKMARK [3][-]{subsubsection.5.7.4.11}{\376\377\0005\000.\0007\000.\0004\000.\0001\0001\000\040\000e\000u\000s\000a\000r\000t\000R\000x\000T\000a\000i\000l}{subsection.5.7.4}% 113
\BOOKMARK [3][-]{subsubsection.5.7.4.12}{\376\377\0005\000.\0007\000.\0004\000.\0001\0002\000\040\000e\000u\000s\000a\000r\000t\000T\000x\000B\000u\000f\000f\000e\000r}{subsection.5.7.4}% 114
\BOOKMARK [3][-]{subsubsection.5.7.4.13}{\376\377\0005\000.\0007\000.\0004\000.\0001\0003\000\040\000e\000u\000s\000a\000r\000t\000T\000x\000B\000u\000f\000f\000e\000r\000R\000e\000m\000a\000i\000n\000i\000n\000g}{subsection.5.7.4}% 115
\BOOKMARK [3][-]{subsubsection.5.7.4.14}{\376\377\0005\000.\0007\000.\0004\000.\0001\0004\000\040\000e\000u\000s\000a\000r\000t\000T\000x\000H\000e\000a\000d}{subsection.5.7.4}% 116
\BOOKMARK [3][-]{subsubsection.5.7.4.15}{\376\377\0005\000.\0007\000.\0004\000.\0001\0005\000\040\000e\000u\000s\000a\000r\000t\000T\000x\000T\000a\000i\000l}{subsection.5.7.4}% 117
\BOOKMARK [1][-]{section.5.8}{\376\377\0005\000.\0008\000\040\000s\000r\000c\000/\000f\000i\000f\000o\000.\000c\000\040\000F\000i\000l\000e\000\040\000R\000e\000f\000e\000r\000e\000n\000c\000e}{chapter.5}% 118
\BOOKMARK [1][-]{section.5.9}{\376\377\0005\000.\0009\000\040\000s\000r\000c\000/\000f\000i\000f\000o\000.\000h\000\040\000F\000i\000l\000e\000\040\000R\000e\000f\000e\000r\000e\000n\000c\000e}{chapter.5}% 119
\BOOKMARK [1][-]{section.5.10}{\376\377\0005\000.\0001\0000\000\040\000s\000r\000c\000/\000h\000a\000r\000d\000w\000a\000r\000e\000.\000c\000\040\000F\000i\000l\000e\000\040\000R\000e\000f\000e\000r\000e\000n\000c\000e}{chapter.5}% 120
\BOOKMARK [2][-]{subsection.5.10.1}{\376\377\0005\000.\0001\0000\000.\0001\000\040\000D\000e\000t\000a\000i\000l\000e\000d\000\040\000D\000e\000s\000c\000r\000i\000p\000t\000i\000o\000n}{section.5.10}% 121
\BOOKMARK [3][-]{subsubsection.5.10.1.1}{\376\377\0005\000.\0001\0000\000.\0001\000.\0001\000\040\000\050\000i\000n\000\051\000\040\000G\000P\0003\000\040\0004\000\040\0005\000\040\000G\000P\0002\000\040\000\050\000i\000n\000\051\000\040\000D\000I\000P\0002}{subsection.5.10.1}% 122
\BOOKMARK [2][-]{subsection.5.10.2}{\376\377\0005\000.\0001\0000\000.\0002\000\040\000F\000u\000n\000c\000t\000i\000o\000n\000\040\000D\000o\000c\000u\000m\000e\000n\000t\000a\000t\000i\000o\000n}{section.5.10}% 123
\BOOKMARK [3][-]{subsubsection.5.10.2.1}{\376\377\0005\000.\0001\0000\000.\0002\000.\0001\000\040\000H\000a\000r\000d\000w\000a\000r\000e\000\137\000C\000o\000n\000f\000i\000g\000u\000r\000e\000O\000s\000c\000i\000l\000l\000a\000t\000o\000r\000\050\000\051}{subsection.5.10.2}% 124
\BOOKMARK [3][-]{subsubsection.5.10.2.2}{\376\377\0005\000.\0001\0000\000.\0002\000.\0002\000\040\000H\000a\000r\000d\000w\000a\000r\000e\000\137\000i\000n\000i\000t\000I\000O\000\050\000\051}{subsection.5.10.2}% 125
\BOOKMARK [3][-]{subsubsection.5.10.2.3}{\376\377\0005\000.\0001\0000\000.\0002\000.\0003\000\040\000H\000a\000r\000d\000w\000a\000r\000e\000\137\000i\000n\000i\000t\000U\000A\000R\000T\000\050\000\051}{subsection.5.10.2}% 126
\BOOKMARK [3][-]{subsubsection.5.10.2.4}{\376\377\0005\000.\0001\0000\000.\0002\000.\0004\000\040\000H\000a\000r\000d\000w\000a\000r\000e\000\137\000U\000A\000R\000T\000s\000e\000n\000d\000B\000y\000t\000e\000\050\000\051}{subsection.5.10.2}% 127
\BOOKMARK [3][-]{subsubsection.5.10.2.5}{\376\377\0005\000.\0001\0000\000.\0002\000.\0005\000\040\000H\000a\000r\000d\000w\000a\000r\000e\000\137\000U\000A\000R\000T\000s\000e\000n\000d\000S\000t\000r\000i\000n\000g\000\050\000\051}{subsection.5.10.2}% 128
\BOOKMARK [1][-]{section.5.11}{\376\377\0005\000.\0001\0001\000\040\000s\000r\000c\000/\000i\000n\000t\000e\000r\000r\000u\000p\000t\000s\000.\000c\000\040\000F\000i\000l\000e\000\040\000R\000e\000f\000e\000r\000e\000n\000c\000e}{chapter.5}% 129
\BOOKMARK [2][-]{subsection.5.11.1}{\376\377\0005\000.\0001\0001\000.\0001\000\040\000D\000e\000t\000a\000i\000l\000e\000d\000\040\000D\000e\000s\000c\000r\000i\000p\000t\000i\000o\000n}{section.5.11}% 130
\BOOKMARK [2][-]{subsection.5.11.2}{\376\377\0005\000.\0001\0001\000.\0002\000\040\000F\000u\000n\000c\000t\000i\000o\000n\000\040\000D\000o\000c\000u\000m\000e\000n\000t\000a\000t\000i\000o\000n}{section.5.11}% 131
\BOOKMARK [3][-]{subsubsection.5.11.2.1}{\376\377\0005\000.\0001\0001\000.\0002\000.\0001\000\040\000\137\000\137\000i\000n\000t\000e\000r\000r\000u\000p\000t\000\050\000\051}{subsection.5.11.2}% 132
\BOOKMARK [3][-]{subsubsection.5.11.2.2}{\376\377\0005\000.\0001\0001\000.\0002\000.\0002\000\040\000U\000A\000R\000T\000\137\000s\000e\000n\000d\000B\000y\000t\000e\000\050\000\051}{subsection.5.11.2}% 133
\BOOKMARK [3][-]{subsubsection.5.11.2.3}{\376\377\0005\000.\0001\0001\000.\0002\000.\0003\000\040\000U\000A\000R\000T\000\137\000s\000e\000n\000d\000S\000t\000r\000i\000n\000g\000\050\000\051}{subsection.5.11.2}% 134
\BOOKMARK [2][-]{subsection.5.11.3}{\376\377\0005\000.\0001\0001\000.\0003\000\040\000V\000a\000r\000i\000a\000b\000l\000e\000\040\000D\000o\000c\000u\000m\000e\000n\000t\000a\000t\000i\000o\000n}{section.5.11}% 135
\BOOKMARK [3][-]{subsubsection.5.11.3.1}{\376\377\0005\000.\0001\0001\000.\0003\000.\0001\000\040\000a\000r\000r\000a\000y}{subsection.5.11.3}% 136
\BOOKMARK [1][-]{section.5.12}{\376\377\0005\000.\0001\0002\000\040\000s\000r\000c\000/\000m\000a\000i\000n\000.\000c\000\040\000F\000i\000l\000e\000\040\000R\000e\000f\000e\000r\000e\000n\000c\000e}{chapter.5}% 137
\BOOKMARK [2][-]{subsection.5.12.1}{\376\377\0005\000.\0001\0002\000.\0001\000\040\000D\000e\000t\000a\000i\000l\000e\000d\000\040\000D\000e\000s\000c\000r\000i\000p\000t\000i\000o\000n}{section.5.12}% 138
\BOOKMARK [2][-]{subsection.5.12.2}{\376\377\0005\000.\0001\0002\000.\0002\000\040\000M\000a\000c\000r\000o\000\040\000D\000e\000f\000i\000n\000i\000t\000i\000o\000n\000\040\000D\000o\000c\000u\000m\000e\000n\000t\000a\000t\000i\000o\000n}{section.5.12}% 139
\BOOKMARK [3][-]{subsubsection.5.12.2.1}{\376\377\0005\000.\0001\0002\000.\0002\000.\0001\000\040\000U\000S\000B\000\137\000P\000O\000W\000E\000R\000E\000D}{subsection.5.12.2}% 140
\BOOKMARK [2][-]{subsection.5.12.3}{\376\377\0005\000.\0001\0002\000.\0003\000\040\000F\000u\000n\000c\000t\000i\000o\000n\000\040\000D\000o\000c\000u\000m\000e\000n\000t\000a\000t\000i\000o\000n}{section.5.12}% 141
\BOOKMARK [3][-]{subsubsection.5.12.3.1}{\376\377\0005\000.\0001\0002\000.\0003\000.\0001\000\040\000m\000a\000i\000n\000\050\000\051}{subsection.5.12.3}% 142
\BOOKMARK [3][-]{subsubsection.5.12.3.2}{\376\377\0005\000.\0001\0002\000.\0003\000.\0002\000\040\000m\000e\000n\000u\000R\000u\000n\000\050\000\051}{subsection.5.12.3}% 143
\BOOKMARK [1][-]{section.5.13}{\376\377\0005\000.\0001\0003\000\040\000s\000r\000c\000/\000p\000y\000g\000m\000y\000.\000c\000\040\000F\000i\000l\000e\000\040\000R\000e\000f\000e\000r\000e\000n\000c\000e}{chapter.5}% 144
\BOOKMARK [2][-]{subsection.5.13.1}{\376\377\0005\000.\0001\0003\000.\0001\000\040\000D\000e\000t\000a\000i\000l\000e\000d\000\040\000D\000e\000s\000c\000r\000i\000p\000t\000i\000o\000n}{section.5.13}% 145
\BOOKMARK [0][-]{section*.19}{\376\377\000I\000n\000d\000e\000x}{}% 146
